<?xml version="1.0" encoding="UTF-8"?>
<!-- Generated by org.testng.reporters.JUnitXMLReporter -->
<testsuite ignored="0" hostname="INLEN8520070112" failures="1" tests="2" name="Test" time="95.741" errors="0" timestamp="19 May 2024 13:30:28 GMT">
  <testcase classname="com.qa.tests.DP1ProductTest" name="testDPIProductSlideDuration" time="48.165">
    <failure type="org.junit.ComparisonFailure" message="expected:&amp;lt;[[7L, 10L, 10L, 10L]]&amp;gt; but was:&amp;lt;[[&amp;quot;8&amp;quot;, &amp;quot;10&amp;quot;, &amp;quot;10&amp;quot;, &amp;quot;10&amp;quot;]]&amp;gt;">
      <![CDATA[org.junit.ComparisonFailure: expected:<[[7L, 10L, 10L, 10L]]]]><![CDATA[> but was:<[["8", "10", "10", "10"]]]]><![CDATA[>
at com.qa.tests.DP1ProductTest.testDPIProductSlideDuration(DP1ProductTest.java:44)
at java.base/java.util.concurrent.ThreadPoolExecutor.runWorker(ThreadPoolExecutor.java:1144)
at java.base/java.util.concurrent.ThreadPoolExecutor$Worker.run(ThreadPoolExecutor.java:642)
at java.base/java.lang.Thread.run(Thread.java:1589)
... Removed 10 stack frames]]>
    </failure>
  </testcase> <!-- testDPIProductSlideDuration -->
  <testcase classname="com.qa.tests.DP1ProductTest" name="testDPIProductSlideTitle" time="6.387"/>
</testsuite> <!-- Test -->
