<?xml version="1.0" encoding="UTF-8"?>
<testng-results ignored="0" total="2" passed="1" failed="1" skipped="0">
  <reporter-output>
  </reporter-output>
  <suite started-at="2024-05-19T13:28:52Z" name="Suite" finished-at="2024-05-19T13:30:28Z" duration-ms="95741">
    <groups>
    </groups>
    <test started-at="2024-05-19T13:28:52Z" name="Test" finished-at="2024-05-19T13:30:28Z" duration-ms="95741">
      <class name="com.qa.tests.DP1ProductTest">
        <test-method is-config="true" signature="setUp()[pri:0, instance:com.qa.tests.DP1ProductTest@67545b57]" started-at="2024-05-19T13:28:53Z" name="setUp" finished-at="2024-05-19T13:29:09Z" duration-ms="16119" status="PASS">
          <reporter-output>
          </reporter-output>
        </test-method> <!-- setUp -->
        <test-method signature="testDPIProductSlideDuration()[pri:1, instance:com.qa.tests.DP1ProductTest@67545b57]" started-at="2024-05-19T13:29:09Z" name="testDPIProductSlideDuration" finished-at="2024-05-19T13:29:57Z" duration-ms="48165" status="FAIL">
          <exception class="org.junit.ComparisonFailure">
            <message>
              <![CDATA[expected:<[[7L, 10L, 10L, 10L]]]]><![CDATA[> but was:<[["8", "10", "10", "10"]]><![CDATA[]]]]><![CDATA[>]]>
            </message>
            <full-stacktrace>
              <![CDATA[org.junit.ComparisonFailure: expected:<[[7L, 10L, 10L, 10L]]]]><![CDATA[> but was:<[["8", "10", "10", "10"]]]]><![CDATA[>
at java.base/jdk.internal.reflect.DirectConstructorHandleAccessor.newInstance(DirectConstructorHandleAccessor.java:67)
at java.base/java.lang.reflect.Constructor.newInstanceWithCaller(Constructor.java:500)
at com.qa.tests.DP1ProductTest.testDPIProductSlideDuration(DP1ProductTest.java:44)
at java.base/jdk.internal.reflect.DirectMethodHandleAccessor.invoke(DirectMethodHandleAccessor.java:104)
at java.base/java.lang.reflect.Method.invoke(Method.java:578)
at org.testng.internal.MethodInvocationHelper.invokeMethod(MethodInvocationHelper.java:124)
at org.testng.internal.Invoker.invokeMethod(Invoker.java:583)
at org.testng.internal.Invoker.invokeTestMethod(Invoker.java:719)
at org.testng.internal.Invoker.invokeTestMethods(Invoker.java:989)
at org.testng.internal.TestMethodWorker.invokeTestMethods(TestMethodWorker.java:125)
at org.testng.internal.TestMethodWorker.run(TestMethodWorker.java:109)
at java.base/java.util.concurrent.ThreadPoolExecutor.runWorker(ThreadPoolExecutor.java:1144)
at java.base/java.util.concurrent.ThreadPoolExecutor$Worker.run(ThreadPoolExecutor.java:642)
at java.base/java.lang.Thread.run(Thread.java:1589)
]]>
            </full-stacktrace>
          </exception> <!-- org.junit.ComparisonFailure -->
          <reporter-output>
          </reporter-output>
        </test-method> <!-- testDPIProductSlideDuration -->
        <test-method is-config="true" signature="tearDown()[pri:0, instance:com.qa.tests.DP1ProductTest@67545b57]" started-at="2024-05-19T13:29:58Z" name="tearDown" finished-at="2024-05-19T13:30:09Z" duration-ms="10881" status="PASS">
          <reporter-output>
          </reporter-output>
        </test-method> <!-- tearDown -->
        <test-method is-config="true" signature="setUp()[pri:0, instance:com.qa.tests.DP1ProductTest@67545b57]" started-at="2024-05-19T13:30:09Z" name="setUp" finished-at="2024-05-19T13:30:20Z" duration-ms="11706" status="PASS">
          <reporter-output>
          </reporter-output>
        </test-method> <!-- setUp -->
        <test-method signature="testDPIProductSlideTitle()[pri:2, instance:com.qa.tests.DP1ProductTest@67545b57]" started-at="2024-05-19T13:30:20Z" name="testDPIProductSlideTitle" finished-at="2024-05-19T13:30:27Z" duration-ms="6387" status="PASS">
          <reporter-output>
          </reporter-output>
        </test-method> <!-- testDPIProductSlideTitle -->
        <test-method is-config="true" signature="tearDown()[pri:0, instance:com.qa.tests.DP1ProductTest@67545b57]" started-at="2024-05-19T13:30:27Z" name="tearDown" finished-at="2024-05-19T13:30:28Z" duration-ms="1278" status="PASS">
          <reporter-output>
          </reporter-output>
        </test-method> <!-- tearDown -->
      </class> <!-- com.qa.tests.DP1ProductTest -->
    </test> <!-- Test -->
  </suite> <!-- Suite -->
</testng-results>
